<?xml version="1.0" encoding="UTF-8"?>
<coverage generated="1611629396235" clover="3.2.0">
  <project timestamp="1611629396235" name="All files">
    <metrics statements="121" coveredstatements="118" conditionals="23" coveredconditionals="23" methods="17" coveredmethods="17" elements="161" coveredelements="158" complexity="0" loc="121" ncloc="121" packages="6" files="12" classes="12"/>
    <package name="dakonan-server">
      <metrics statements="11" coveredstatements="11" conditionals="0" coveredconditionals="0" methods="0" coveredmethods="0"/>
      <file name="app.js" path="/home/andhika/Desktop/HACKTIV8/PHASE3/Final Project/dakonan rev3/dakonan-server/app.js">
        <metrics statements="11" coveredstatements="11" conditionals="0" coveredconditionals="0" methods="0" coveredmethods="0"/>
        <line num="5" count="1" type="stmt"/>
        <line num="6" count="1" type="stmt"/>
        <line num="7" count="1" type="stmt"/>
        <line num="8" count="1" type="stmt"/>
        <line num="10" count="1" type="stmt"/>
        <line num="12" count="1" type="stmt"/>
        <line num="13" count="1" type="stmt"/>
        <line num="14" count="1" type="stmt"/>
        <line num="15" count="1" type="stmt"/>
        <line num="16" count="1" type="stmt"/>
        <line num="18" count="1" type="stmt"/>
      </file>
    </package>
    <package name="dakonan-server.controllers">
      <metrics statements="54" coveredstatements="51" conditionals="12" coveredconditionals="12" methods="6" coveredmethods="6"/>
      <file name="UserController.js" path="/home/andhika/Desktop/HACKTIV8/PHASE3/Final Project/dakonan rev3/dakonan-server/controllers/UserController.js">
        <metrics statements="54" coveredstatements="51" conditionals="12" coveredconditionals="12" methods="6" coveredmethods="6"/>
        <line num="1" count="1" type="stmt"/>
        <line num="2" count="1" type="stmt"/>
        <line num="3" count="1" type="stmt"/>
        <line num="7" count="8" type="stmt"/>
        <line num="8" count="8" type="stmt"/>
        <line num="9" count="8" type="stmt"/>
        <line num="16" count="8" type="stmt"/>
        <line num="17" count="1" type="stmt"/>
        <line num="19" count="7" type="stmt"/>
        <line num="24" count="6" type="stmt"/>
        <line num="25" count="6" type="stmt"/>
        <line num="26" count="6" type="cond" truecount="6" falsecount="0"/>
        <line num="27" count="2" type="stmt"/>
        <line num="32" count="4" type="stmt"/>
        <line num="33" count="4" type="cond" truecount="2" falsecount="0"/>
        <line num="34" count="1" type="stmt"/>
        <line num="36" count="3" type="stmt"/>
        <line num="37" count="3" type="cond" truecount="2" falsecount="0"/>
        <line num="38" count="2" type="stmt"/>
        <line num="39" count="2" type="stmt"/>
        <line num="41" count="2" type="stmt"/>
        <line num="43" count="1" type="stmt"/>
        <line num="47" count="4" type="stmt"/>
        <line num="52" count="1" type="stmt"/>
        <line num="56" count="1" type="stmt"/>
        <line num="57" count="1" type="stmt"/>
        <line num="58" count="1" type="stmt"/>
        <line num="59" count="1" type="stmt"/>
        <line num="60" count="1" type="stmt"/>
        <line num="62" count="1" type="stmt"/>
        <line num="66" count="1" type="stmt"/>
        <line num="72" count="1" type="stmt"/>
        <line num="73" count="1" type="stmt"/>
        <line num="75" count="0" type="stmt"/>
        <line num="81" count="1" type="stmt"/>
        <line num="85" count="1" type="stmt"/>
        <line num="86" count="1" type="stmt"/>
        <line num="87" count="1" type="stmt"/>
        <line num="88" count="1" type="stmt"/>
        <line num="90" count="1" type="stmt"/>
        <line num="93" count="1" type="stmt"/>
        <line num="99" count="1" type="stmt"/>
        <line num="100" count="1" type="stmt"/>
        <line num="102" count="0" type="stmt"/>
        <line num="108" count="1" type="stmt"/>
        <line num="109" count="1" type="stmt"/>
        <line num="114" count="1" type="stmt"/>
        <line num="115" count="2" type="stmt"/>
        <line num="116" count="2" type="stmt"/>
        <line num="121" count="2" type="stmt"/>
        <line num="133" count="1" type="stmt"/>
        <line num="134" count="1" type="stmt"/>
        <line num="136" count="0" type="stmt"/>
        <line num="141" count="1" type="stmt"/>
      </file>
    </package>
    <package name="dakonan-server.helpers">
      <metrics statements="19" coveredstatements="19" conditionals="2" coveredconditionals="2" methods="4" coveredmethods="4"/>
      <file name="checkPassword.js" path="/home/andhika/Desktop/HACKTIV8/PHASE3/Final Project/dakonan rev3/dakonan-server/helpers/checkPassword.js">
        <metrics statements="3" coveredstatements="3" conditionals="0" coveredconditionals="0" methods="1" coveredmethods="1"/>
        <line num="1" count="1" type="stmt"/>
        <line num="3" count="1" type="stmt"/>
        <line num="4" count="3" type="stmt"/>
      </file>
      <file name="decodeToken.js" path="/home/andhika/Desktop/HACKTIV8/PHASE3/Final Project/dakonan rev3/dakonan-server/helpers/decodeToken.js">
        <metrics statements="3" coveredstatements="3" conditionals="2" coveredconditionals="2" methods="1" coveredmethods="1"/>
        <line num="1" count="1" type="stmt"/>
        <line num="3" count="1" type="stmt"/>
        <line num="4" count="1" type="cond" truecount="2" falsecount="0"/>
      </file>
      <file name="generateToken.js" path="/home/andhika/Desktop/HACKTIV8/PHASE3/Final Project/dakonan rev3/dakonan-server/helpers/generateToken.js">
        <metrics statements="3" coveredstatements="3" conditionals="0" coveredconditionals="0" methods="1" coveredmethods="1"/>
        <line num="1" count="1" type="stmt"/>
        <line num="3" count="1" type="stmt"/>
        <line num="5" count="2" type="stmt"/>
      </file>
      <file name="hash.js" path="/home/andhika/Desktop/HACKTIV8/PHASE3/Final Project/dakonan rev3/dakonan-server/helpers/hash.js">
        <metrics statements="5" coveredstatements="5" conditionals="0" coveredconditionals="0" methods="1" coveredmethods="1"/>
        <line num="1" count="1" type="stmt"/>
        <line num="3" count="1" type="stmt"/>
        <line num="4" count="3" type="stmt"/>
        <line num="5" count="3" type="stmt"/>
        <line num="6" count="3" type="stmt"/>
      </file>
      <file name="index.js" path="/home/andhika/Desktop/HACKTIV8/PHASE3/Final Project/dakonan rev3/dakonan-server/helpers/index.js">
        <metrics statements="5" coveredstatements="5" conditionals="0" coveredconditionals="0" methods="0" coveredmethods="0"/>
        <line num="1" count="1" type="stmt"/>
        <line num="2" count="1" type="stmt"/>
        <line num="3" count="1" type="stmt"/>
        <line num="4" count="1" type="stmt"/>
        <line num="6" count="1" type="stmt"/>
      </file>
    </package>
    <package name="dakonan-server.middlewares">
      <metrics statements="8" coveredstatements="8" conditionals="6" coveredconditionals="6" methods="2" coveredmethods="2"/>
      <file name="errorHandler.js" path="/home/andhika/Desktop/HACKTIV8/PHASE3/Final Project/dakonan rev3/dakonan-server/middlewares/errorHandler.js">
        <metrics statements="6" coveredstatements="6" conditionals="6" coveredconditionals="6" methods="2" coveredmethods="2"/>
        <line num="1" count="1" type="stmt"/>
        <line num="2" count="11" type="cond" truecount="2" falsecount="0"/>
        <line num="3" count="4" type="stmt"/>
        <line num="7" count="11" type="cond" truecount="4" falsecount="0"/>
        <line num="8" count="7" type="stmt"/>
        <line num="9" count="7" type="stmt"/>
      </file>
      <file name="index.js" path="/home/andhika/Desktop/HACKTIV8/PHASE3/Final Project/dakonan rev3/dakonan-server/middlewares/index.js">
        <metrics statements="2" coveredstatements="2" conditionals="0" coveredconditionals="0" methods="0" coveredmethods="0"/>
        <line num="1" count="1" type="stmt"/>
        <line num="3" count="1" type="stmt"/>
      </file>
    </package>
    <package name="dakonan-server.models">
      <metrics statements="21" coveredstatements="21" conditionals="3" coveredconditionals="3" methods="5" coveredmethods="5"/>
      <file name="index.js" path="/home/andhika/Desktop/HACKTIV8/PHASE3/Final Project/dakonan rev3/dakonan-server/models/index.js">
        <metrics statements="13" coveredstatements="13" conditionals="3" coveredconditionals="3" methods="2" coveredmethods="2"/>
        <line num="3" count="1" type="stmt"/>
        <line num="4" count="1" type="stmt"/>
        <line num="5" count="1" type="stmt"/>
        <line num="6" count="1" type="stmt"/>
        <line num="9" count="1" type="stmt"/>
        <line num="10" count="1" type="stmt"/>
        <line num="20" count="1" type="stmt"/>
        <line num="23" count="2" type="cond" truecount="3" falsecount="0"/>
        <line num="26" count="1" type="stmt"/>
        <line num="27" count="1" type="stmt"/>
        <line num="36" count="1" type="stmt"/>
        <line num="37" count="1" type="stmt"/>
        <line num="39" count="1" type="stmt"/>
      </file>
      <file name="user.js" path="/home/andhika/Desktop/HACKTIV8/PHASE3/Final Project/dakonan rev3/dakonan-server/models/user.js">
        <metrics statements="8" coveredstatements="8" conditionals="0" coveredconditionals="0" methods="3" coveredmethods="3"/>
        <line num="2" count="1" type="stmt"/>
        <line num="3" count="1" type="stmt"/>
        <line num="5" count="1" type="stmt"/>
        <line num="16" count="1" type="stmt"/>
        <line num="62" count="3" type="stmt"/>
        <line num="63" count="3" type="stmt"/>
        <line num="64" count="3" type="stmt"/>
        <line num="70" count="1" type="stmt"/>
      </file>
    </package>
    <package name="dakonan-server.routers">
      <metrics statements="8" coveredstatements="8" conditionals="0" coveredconditionals="0" methods="0" coveredmethods="0"/>
      <file name="index.js" path="/home/andhika/Desktop/HACKTIV8/PHASE3/Final Project/dakonan rev3/dakonan-server/routers/index.js">
        <metrics statements="8" coveredstatements="8" conditionals="0" coveredconditionals="0" methods="0" coveredmethods="0"/>
        <line num="1" count="1" type="stmt"/>
        <line num="2" count="1" type="stmt"/>
        <line num="4" count="1" type="stmt"/>
        <line num="5" count="1" type="stmt"/>
        <line num="6" count="1" type="stmt"/>
        <line num="7" count="1" type="stmt"/>
        <line num="8" count="1" type="stmt"/>
        <line num="10" count="1" type="stmt"/>
      </file>
    </package>
  </project>
</coverage>
