{"/home/ogy/Hacktiv/phase3/dakonan/dakonan-server/app.js": {"path":"/home/ogy/Hacktiv/phase3/dakonan/dakonan-server/app.js","statementMap":{"0":{"start":{"line":5,"column":16},"end":{"line":5,"column":34}},"1":{"start":{"line":6,"column":12},"end":{"line":6,"column":21}},"2":{"start":{"line":7,"column":16},"end":{"line":7,"column":42}},"3":{"start":{"line":8,"column":25},"end":{"line":8,"column":49}},"4":{"start":{"line":9,"column":13},"end":{"line":9,"column":28}},"5":{"start":{"line":11,"column":0},"end":{"line":11,"column":15}},"6":{"start":{"line":12,"column":0},"end":{"line":12,"column":23}},"7":{"start":{"line":13,"column":0},"end":{"line":13,"column":48}},"8":{"start":{"line":14,"column":0},"end":{"line":14,"column":21}},"9":{"start":{"line":15,"column":0},"end":{"line":15,"column":21}},"10":{"start":{"line":17,"column":0},"end":{"line":17,"column":20}}},"fnMap":{},"branchMap":{},"s":{"0":1,"1":1,"2":1,"3":1,"4":1,"5":1,"6":1,"7":1,"8":1,"9":1,"10":1},"f":{},"b":{},"_coverageSchema":"1a1c01bbd47fc00a2c39e90264f33305004495a9","hash":"57155e4b47c674f06ea996bc9b5497e23094a100"}
,"/home/ogy/Hacktiv/phase3/dakonan/dakonan-server/controllers/UserController.js": {"path":"/home/ogy/Hacktiv/phase3/dakonan/dakonan-server/controllers/UserController.js","statementMap":{"0":{"start":{"line":1,"column":17},"end":{"line":1,"column":37}},"1":{"start":{"line":2,"column":41},"end":{"line":2,"column":62}},"2":{"start":{"line":3,"column":20},"end":{"line":3,"column":53}},"3":{"start":{"line":7,"column":4},"end":{"line":20,"column":5}},"4":{"start":{"line":8,"column":44},"end":{"line":8,"column":52}},"5":{"start":{"line":9,"column":19},"end":{"line":15,"column":7}},"6":{"start":{"line":16,"column":22},"end":{"line":16,"column":45}},"7":{"start":{"line":17,"column":6},"end":{"line":17,"column":32}},"8":{"start":{"line":19,"column":6},"end":{"line":19,"column":15}},"9":{"start":{"line":24,"column":4},"end":{"line":48,"column":5}},"10":{"start":{"line":25,"column":37},"end":{"line":25,"column":45}},"11":{"start":{"line":26,"column":6},"end":{"line":31,"column":7}},"12":{"start":{"line":27,"column":8},"end":{"line":30,"column":9}},"13":{"start":{"line":32,"column":19},"end":{"line":32,"column":62}},"14":{"start":{"line":33,"column":6},"end":{"line":45,"column":7}},"15":{"start":{"line":34,"column":8},"end":{"line":34,"column":80}},"16":{"start":{"line":36,"column":32},"end":{"line":36,"column":70}},"17":{"start":{"line":37,"column":8},"end":{"line":44,"column":9}},"18":{"start":{"line":38,"column":41},"end":{"line":38,"column":45}},"19":{"start":{"line":39,"column":31},"end":{"line":39,"column":69}},"20":{"start":{"line":41,"column":10},"end":{"line":41,"column":48}},"21":{"start":{"line":43,"column":10},"end":{"line":43,"column":82}},"22":{"start":{"line":47,"column":6},"end":{"line":47,"column":15}},"23":{"start":{"line":52,"column":4},"end":{"line":75,"column":5}},"24":{"start":{"line":53,"column":31},"end":{"line":53,"column":42}},"25":{"start":{"line":54,"column":27},"end":{"line":54,"column":66}},"26":{"start":{"line":55,"column":23},"end":{"line":55,"column":44}},"27":{"start":{"line":56,"column":19},"end":{"line":56,"column":62}},"28":{"start":{"line":57,"column":17},"end":{"line":57,"column":35}},"29":{"start":{"line":58,"column":25},"end":{"line":58,"column":51}},"30":{"start":{"line":59,"column":23},"end":{"line":59,"column":47}},"31":{"start":{"line":61,"column":25},"end":{"line":64,"column":7}},"32":{"start":{"line":65,"column":21},"end":{"line":70,"column":8}},"33":{"start":{"line":71,"column":19},"end":{"line":71,"column":31}},"34":{"start":{"line":72,"column":6},"end":{"line":72,"column":32}},"35":{"start":{"line":74,"column":6},"end":{"line":74,"column":15}},"36":{"start":{"line":80,"column":4},"end":{"line":101,"column":5}},"37":{"start":{"line":81,"column":31},"end":{"line":81,"column":42}},"38":{"start":{"line":82,"column":27},"end":{"line":82,"column":66}},"39":{"start":{"line":83,"column":23},"end":{"line":83,"column":44}},"40":{"start":{"line":84,"column":19},"end":{"line":84,"column":62}},"41":{"start":{"line":85,"column":17},"end":{"line":85,"column":35}},"42":{"start":{"line":86,"column":25},"end":{"line":86,"column":51}},"43":{"start":{"line":88,"column":25},"end":{"line":90,"column":7}},"44":{"start":{"line":91,"column":21},"end":{"line":96,"column":8}},"45":{"start":{"line":97,"column":19},"end":{"line":97,"column":31}},"46":{"start":{"line":98,"column":6},"end":{"line":98,"column":32}},"47":{"start":{"line":100,"column":6},"end":{"line":100,"column":15}},"48":{"start":{"line":106,"column":4},"end":{"line":135,"column":5}},"49":{"start":{"line":107,"column":20},"end":{"line":110,"column":8}},"50":{"start":{"line":112,"column":19},"end":{"line":120,"column":8}},"51":{"start":{"line":113,"column":24},"end":{"line":113,"column":65}},"52":{"start":{"line":114,"column":21},"end":{"line":118,"column":9}},"53":{"start":{"line":119,"column":8},"end":{"line":119,"column":19}},"54":{"start":{"line":131,"column":6},"end":{"line":131,"column":24}},"55":{"start":{"line":132,"column":6},"end":{"line":132,"column":32}},"56":{"start":{"line":134,"column":6},"end":{"line":134,"column":15}},"57":{"start":{"line":139,"column":0},"end":{"line":139,"column":31}}},"fnMap":{"0":{"name":"(anonymous_0)","decl":{"start":{"line":6,"column":2},"end":{"line":6,"column":3}},"loc":{"start":{"line":6,"column":40},"end":{"line":21,"column":3}},"line":6},"1":{"name":"(anonymous_1)","decl":{"start":{"line":23,"column":2},"end":{"line":23,"column":3}},"loc":{"start":{"line":23,"column":38},"end":{"line":49,"column":3}},"line":23},"2":{"name":"(anonymous_2)","decl":{"start":{"line":51,"column":2},"end":{"line":51,"column":3}},"loc":{"start":{"line":51,"column":36},"end":{"line":77,"column":3}},"line":51},"3":{"name":"(anonymous_3)","decl":{"start":{"line":79,"column":2},"end":{"line":79,"column":3}},"loc":{"start":{"line":79,"column":37},"end":{"line":102,"column":3}},"line":79},"4":{"name":"(anonymous_4)","decl":{"start":{"line":104,"column":2},"end":{"line":104,"column":3}},"loc":{"start":{"line":104,"column":46},"end":{"line":136,"column":3}},"line":104},"5":{"name":"(anonymous_5)","decl":{"start":{"line":112,"column":29},"end":{"line":112,"column":30}},"loc":{"start":{"line":112,"column":37},"end":{"line":120,"column":7}},"line":112}},"branchMap":{"0":{"loc":{"start":{"line":26,"column":6},"end":{"line":31,"column":7}},"type":"if","locations":[{"start":{"line":26,"column":6},"end":{"line":31,"column":7}},{"start":{"line":26,"column":6},"end":{"line":31,"column":7}}],"line":26},"1":{"loc":{"start":{"line":26,"column":10},"end":{"line":26,"column":82}},"type":"binary-expr","locations":[{"start":{"line":26,"column":10},"end":{"line":26,"column":19}},{"start":{"line":26,"column":23},"end":{"line":26,"column":44}},{"start":{"line":26,"column":48},"end":{"line":26,"column":57}},{"start":{"line":26,"column":61},"end":{"line":26,"column":82}}],"line":26},"2":{"loc":{"start":{"line":33,"column":6},"end":{"line":45,"column":7}},"type":"if","locations":[{"start":{"line":33,"column":6},"end":{"line":45,"column":7}},{"start":{"line":33,"column":6},"end":{"line":45,"column":7}}],"line":33},"3":{"loc":{"start":{"line":37,"column":8},"end":{"line":44,"column":9}},"type":"if","locations":[{"start":{"line":37,"column":8},"end":{"line":44,"column":9}},{"start":{"line":37,"column":8},"end":{"line":44,"column":9}}],"line":37},"4":{"loc":{"start":{"line":117,"column":19},"end":{"line":117,"column":31}},"type":"binary-expr","locations":[{"start":{"line":117,"column":19},"end":{"line":117,"column":26}},{"start":{"line":117,"column":30},"end":{"line":117,"column":31}}],"line":117}},"s":{"0":1,"1":1,"2":1,"3":8,"4":8,"5":8,"6":8,"7":1,"8":7,"9":6,"10":6,"11":6,"12":2,"13":4,"14":4,"15":1,"16":3,"17":3,"18":2,"19":2,"20":2,"21":1,"22":4,"23":1,"24":1,"25":1,"26":1,"27":1,"28":1,"29":1,"30":1,"31":1,"32":1,"33":1,"34":1,"35":0,"36":1,"37":1,"38":1,"39":1,"40":1,"41":1,"42":1,"43":1,"44":1,"45":1,"46":1,"47":0,"48":1,"49":1,"50":1,"51":2,"52":2,"53":2,"54":1,"55":1,"56":0,"57":1},"f":{"0":8,"1":6,"2":1,"3":1,"4":1,"5":2},"b":{"0":[2,4],"1":[6,5,5,4],"2":[1,3],"3":[2,1],"4":[2,1]},"_coverageSchema":"1a1c01bbd47fc00a2c39e90264f33305004495a9","hash":"0532bf12c7953afaa279699c65c30ce0ad06bb18"}
,"/home/ogy/Hacktiv/phase3/dakonan/dakonan-server/helpers/checkPassword.js": {"path":"/home/ogy/Hacktiv/phase3/dakonan/dakonan-server/helpers/checkPassword.js","statementMap":{"0":{"start":{"line":1,"column":15},"end":{"line":1,"column":34}},"1":{"start":{"line":3,"column":0},"end":{"line":5,"column":1}},"2":{"start":{"line":4,"column":2},"end":{"line":4,"column":49}}},"fnMap":{"0":{"name":"checkPassword","decl":{"start":{"line":3,"column":26},"end":{"line":3,"column":39}},"loc":{"start":{"line":3,"column":63},"end":{"line":5,"column":1}},"line":3}},"branchMap":{},"s":{"0":1,"1":1,"2":3},"f":{"0":3},"b":{},"_coverageSchema":"1a1c01bbd47fc00a2c39e90264f33305004495a9","hash":"6acb71eb3528a3c4a8456401c8e9aa8e42e00d8e"}
,"/home/ogy/Hacktiv/phase3/dakonan/dakonan-server/helpers/decodeToken.js": {"path":"/home/ogy/Hacktiv/phase3/dakonan/dakonan-server/helpers/decodeToken.js","statementMap":{"0":{"start":{"line":1,"column":12},"end":{"line":1,"column":35}},"1":{"start":{"line":3,"column":0},"end":{"line":5,"column":1}},"2":{"start":{"line":4,"column":2},"end":{"line":4,"column":73}}},"fnMap":{"0":{"name":"decodeToken","decl":{"start":{"line":3,"column":26},"end":{"line":3,"column":37}},"loc":{"start":{"line":3,"column":66},"end":{"line":5,"column":1}},"line":3}},"branchMap":{"0":{"loc":{"start":{"line":4,"column":27},"end":{"line":4,"column":72}},"type":"binary-expr","locations":[{"start":{"line":4,"column":27},"end":{"line":4,"column":50}},{"start":{"line":4,"column":54},"end":{"line":4,"column":72}}],"line":4}},"s":{"0":1,"1":1,"2":3},"f":{"0":3},"b":{"0":[3,3]},"_coverageSchema":"1a1c01bbd47fc00a2c39e90264f33305004495a9","hash":"3c979d167bfe663e87e8e4dfecd1ff8d93bf607e"}
,"/home/ogy/Hacktiv/phase3/dakonan/dakonan-server/helpers/generateToken.js": {"path":"/home/ogy/Hacktiv/phase3/dakonan/dakonan-server/helpers/generateToken.js","statementMap":{"0":{"start":{"line":1,"column":12},"end":{"line":1,"column":35}},"1":{"start":{"line":3,"column":0},"end":{"line":6,"column":1}},"2":{"start":{"line":5,"column":2},"end":{"line":5,"column":34}}},"fnMap":{"0":{"name":"generateToken","decl":{"start":{"line":3,"column":26},"end":{"line":3,"column":39}},"loc":{"start":{"line":3,"column":50},"end":{"line":6,"column":1}},"line":3}},"branchMap":{},"s":{"0":1,"1":1,"2":2},"f":{"0":2},"b":{},"_coverageSchema":"1a1c01bbd47fc00a2c39e90264f33305004495a9","hash":"f5b2a6bec404371b76a226a3f96b0882746d46c9"}
,"/home/ogy/Hacktiv/phase3/dakonan/dakonan-server/helpers/hash.js": {"path":"/home/ogy/Hacktiv/phase3/dakonan/dakonan-server/helpers/hash.js","statementMap":{"0":{"start":{"line":1,"column":15},"end":{"line":1,"column":34}},"1":{"start":{"line":3,"column":0},"end":{"line":7,"column":1}},"2":{"start":{"line":4,"column":15},"end":{"line":4,"column":37}},"3":{"start":{"line":5,"column":15},"end":{"line":5,"column":44}},"4":{"start":{"line":6,"column":2},"end":{"line":6,"column":13}}},"fnMap":{"0":{"name":"hash","decl":{"start":{"line":3,"column":26},"end":{"line":3,"column":30}},"loc":{"start":{"line":3,"column":40},"end":{"line":7,"column":1}},"line":3}},"branchMap":{},"s":{"0":1,"1":1,"2":3,"3":3,"4":3},"f":{"0":3},"b":{},"_coverageSchema":"1a1c01bbd47fc00a2c39e90264f33305004495a9","hash":"27adcdd9c679ecefa7a7f7c3368dbe5fb04564d1"}
,"/home/ogy/Hacktiv/phase3/dakonan/dakonan-server/helpers/index.js": {"path":"/home/ogy/Hacktiv/phase3/dakonan/dakonan-server/helpers/index.js","statementMap":{"0":{"start":{"line":1,"column":13},"end":{"line":1,"column":30}},"1":{"start":{"line":2,"column":22},"end":{"line":2,"column":48}},"2":{"start":{"line":3,"column":22},"end":{"line":3,"column":48}},"3":{"start":{"line":4,"column":20},"end":{"line":4,"column":44}},"4":{"start":{"line":6,"column":0},"end":{"line":11,"column":1}}},"fnMap":{},"branchMap":{},"s":{"0":1,"1":1,"2":1,"3":1,"4":1},"f":{},"b":{},"_coverageSchema":"1a1c01bbd47fc00a2c39e90264f33305004495a9","hash":"5cda53d75491ae850e514ed59db95bc6f8091926"}
,"/home/ogy/Hacktiv/phase3/dakonan/dakonan-server/middlewares/errorHandler.js": {"path":"/home/ogy/Hacktiv/phase3/dakonan/dakonan-server/middlewares/errorHandler.js","statementMap":{"0":{"start":{"line":1,"column":0},"end":{"line":11,"column":1}},"1":{"start":{"line":2,"column":4},"end":{"line":6,"column":5}},"2":{"start":{"line":3,"column":8},"end":{"line":5,"column":10}},"3":{"start":{"line":7,"column":4},"end":{"line":10,"column":5}},"4":{"start":{"line":8,"column":23},"end":{"line":8,"column":57}},"5":{"start":{"line":8,"column":45},"end":{"line":8,"column":56}},"6":{"start":{"line":9,"column":8},"end":{"line":9,"column":52}}},"fnMap":{"0":{"name":"(anonymous_0)","decl":{"start":{"line":1,"column":17},"end":{"line":1,"column":18}},"loc":{"start":{"line":1,"column":46},"end":{"line":11,"column":1}},"line":1},"1":{"name":"(anonymous_1)","decl":{"start":{"line":8,"column":38},"end":{"line":8,"column":39}},"loc":{"start":{"line":8,"column":45},"end":{"line":8,"column":56}},"line":8}},"branchMap":{"0":{"loc":{"start":{"line":2,"column":4},"end":{"line":6,"column":5}},"type":"if","locations":[{"start":{"line":2,"column":4},"end":{"line":6,"column":5}},{"start":{"line":2,"column":4},"end":{"line":6,"column":5}}],"line":2},"1":{"loc":{"start":{"line":7,"column":4},"end":{"line":10,"column":5}},"type":"if","locations":[{"start":{"line":7,"column":4},"end":{"line":10,"column":5}},{"start":{"line":7,"column":4},"end":{"line":10,"column":5}}],"line":7},"2":{"loc":{"start":{"line":7,"column":8},"end":{"line":7,"column":96}},"type":"binary-expr","locations":[{"start":{"line":7,"column":8},"end":{"line":7,"column":47}},{"start":{"line":7,"column":51},"end":{"line":7,"column":96}}],"line":7}},"s":{"0":1,"1":11,"2":4,"3":11,"4":7,"5":7,"6":7},"f":{"0":11,"1":7},"b":{"0":[4,7],"1":[7,4],"2":[11,6]},"_coverageSchema":"1a1c01bbd47fc00a2c39e90264f33305004495a9","hash":"70aa510c57eae74a1a6eef9ed8b7570860e2e6c0"}
,"/home/ogy/Hacktiv/phase3/dakonan/dakonan-server/middlewares/index.js": {"path":"/home/ogy/Hacktiv/phase3/dakonan/dakonan-server/middlewares/index.js","statementMap":{"0":{"start":{"line":1,"column":21},"end":{"line":1,"column":46}},"1":{"start":{"line":3,"column":0},"end":{"line":5,"column":1}}},"fnMap":{},"branchMap":{},"s":{"0":1,"1":1},"f":{},"b":{},"_coverageSchema":"1a1c01bbd47fc00a2c39e90264f33305004495a9","hash":"2cdd1a72d8ac5d08953e1ffaa983f3466952b90f"}
,"/home/ogy/Hacktiv/phase3/dakonan/dakonan-server/models/index.js": {"path":"/home/ogy/Hacktiv/phase3/dakonan/dakonan-server/models/index.js","statementMap":{"0":{"start":{"line":3,"column":11},"end":{"line":3,"column":24}},"1":{"start":{"line":4,"column":13},"end":{"line":4,"column":28}},"2":{"start":{"line":5,"column":18},"end":{"line":5,"column":38}},"3":{"start":{"line":6,"column":17},"end":{"line":6,"column":42}},"4":{"start":{"line":9,"column":15},"end":{"line":9,"column":65}},"5":{"start":{"line":10,"column":11},"end":{"line":10,"column":13}},"6":{"start":{"line":20,"column":0},"end":{"line":28,"column":5}},"7":{"start":{"line":23,"column":4},"end":{"line":23,"column":90}},"8":{"start":{"line":26,"column":18},"end":{"line":26,"column":85}},"9":{"start":{"line":27,"column":4},"end":{"line":27,"column":27}},"10":{"start":{"line":36,"column":0},"end":{"line":36,"column":25}},"11":{"start":{"line":37,"column":0},"end":{"line":37,"column":25}},"12":{"start":{"line":39,"column":0},"end":{"line":39,"column":20}}},"fnMap":{"0":{"name":"(anonymous_0)","decl":{"start":{"line":22,"column":10},"end":{"line":22,"column":11}},"loc":{"start":{"line":22,"column":18},"end":{"line":24,"column":3}},"line":22},"1":{"name":"(anonymous_1)","decl":{"start":{"line":25,"column":11},"end":{"line":25,"column":12}},"loc":{"start":{"line":25,"column":19},"end":{"line":28,"column":3}},"line":25}},"branchMap":{"0":{"loc":{"start":{"line":23,"column":11},"end":{"line":23,"column":89}},"type":"binary-expr","locations":[{"start":{"line":23,"column":12},"end":{"line":23,"column":35}},{"start":{"line":23,"column":41},"end":{"line":23,"column":58}},{"start":{"line":23,"column":64},"end":{"line":23,"column":88}}],"line":23}},"s":{"0":1,"1":1,"2":1,"3":1,"4":1,"5":1,"6":1,"7":2,"8":1,"9":1,"10":1,"11":1,"12":1},"f":{"0":2,"1":1},"b":{"0":[2,2,1]},"_coverageSchema":"1a1c01bbd47fc00a2c39e90264f33305004495a9","hash":"70a527b8538ec7caf174349dd0e365f3f2686e62"}
,"/home/ogy/Hacktiv/phase3/dakonan/dakonan-server/models/user.js": {"path":"/home/ogy/Hacktiv/phase3/dakonan/dakonan-server/models/user.js","statementMap":{"0":{"start":{"line":2,"column":18},"end":{"line":2,"column":38}},"1":{"start":{"line":3,"column":17},"end":{"line":3,"column":38}},"2":{"start":{"line":5,"column":0},"end":{"line":71,"column":2}},"3":{"start":{"line":16,"column":2},"end":{"line":69,"column":5}},"4":{"start":{"line":62,"column":8},"end":{"line":62,"column":31}},"5":{"start":{"line":63,"column":8},"end":{"line":63,"column":29}},"6":{"start":{"line":64,"column":8},"end":{"line":64,"column":51}},"7":{"start":{"line":70,"column":2},"end":{"line":70,"column":14}}},"fnMap":{"0":{"name":"(anonymous_0)","decl":{"start":{"line":5,"column":17},"end":{"line":5,"column":18}},"loc":{"start":{"line":5,"column":43},"end":{"line":71,"column":1}},"line":5},"1":{"name":"(anonymous_1)","decl":{"start":{"line":12,"column":4},"end":{"line":12,"column":5}},"loc":{"start":{"line":12,"column":29},"end":{"line":14,"column":5}},"line":12},"2":{"name":"(anonymous_2)","decl":{"start":{"line":61,"column":20},"end":{"line":61,"column":21}},"loc":{"start":{"line":61,"column":32},"end":{"line":65,"column":7}},"line":61}},"branchMap":{},"s":{"0":1,"1":1,"2":1,"3":1,"4":3,"5":3,"6":3,"7":1},"f":{"0":1,"1":1,"2":3},"b":{},"_coverageSchema":"1a1c01bbd47fc00a2c39e90264f33305004495a9","hash":"ce2af5ba1baa7e8ba1e608b4e83993d9682fe3cb"}
,"/home/ogy/Hacktiv/phase3/dakonan/dakonan-server/routers/index.js": {"path":"/home/ogy/Hacktiv/phase3/dakonan/dakonan-server/routers/index.js","statementMap":{"0":{"start":{"line":1,"column":15},"end":{"line":1,"column":42}},"1":{"start":{"line":2,"column":23},"end":{"line":2,"column":63}},"2":{"start":{"line":4,"column":0},"end":{"line":4,"column":49}},"3":{"start":{"line":5,"column":0},"end":{"line":5,"column":43}},"4":{"start":{"line":6,"column":0},"end":{"line":6,"column":39}},"5":{"start":{"line":7,"column":0},"end":{"line":7,"column":41}},"6":{"start":{"line":8,"column":0},"end":{"line":8,"column":57}},"7":{"start":{"line":10,"column":0},"end":{"line":10,"column":23}}},"fnMap":{},"branchMap":{},"s":{"0":1,"1":1,"2":1,"3":1,"4":1,"5":1,"6":1,"7":1},"f":{},"b":{},"_coverageSchema":"1a1c01bbd47fc00a2c39e90264f33305004495a9","hash":"f33340b93b9e88458144b37ccbc70e1cb0d5b7fb"}
}
