{"/home/andhika/Desktop/HACKTIV8/PHASE3/Final Project/dakonan rev3/dakonan-server/app.js": {"path":"/home/andhika/Desktop/HACKTIV8/PHASE3/Final Project/dakonan rev3/dakonan-server/app.js","statementMap":{"0":{"start":{"line":5,"column":16},"end":{"line":5,"column":34}},"1":{"start":{"line":6,"column":12},"end":{"line":6,"column":21}},"2":{"start":{"line":7,"column":16},"end":{"line":7,"column":42}},"3":{"start":{"line":8,"column":13},"end":{"line":8,"column":28}},"4":{"start":{"line":10,"column":25},"end":{"line":10,"column":49}},"5":{"start":{"line":12,"column":0},"end":{"line":12,"column":16}},"6":{"start":{"line":13,"column":0},"end":{"line":13,"column":23}},"7":{"start":{"line":14,"column":0},"end":{"line":14,"column":48}},"8":{"start":{"line":15,"column":0},"end":{"line":15,"column":21}},"9":{"start":{"line":16,"column":0},"end":{"line":16,"column":21}},"10":{"start":{"line":18,"column":0},"end":{"line":18,"column":20}}},"fnMap":{},"branchMap":{},"s":{"0":1,"1":1,"2":1,"3":1,"4":1,"5":1,"6":1,"7":1,"8":1,"9":1,"10":1},"f":{},"b":{},"_coverageSchema":"1a1c01bbd47fc00a2c39e90264f33305004495a9","hash":"344c94aa34b8c8c750f03f9d21fdaee17e955288"}
,"/home/andhika/Desktop/HACKTIV8/PHASE3/Final Project/dakonan rev3/dakonan-server/controllers/UserController.js": {"path":"/home/andhika/Desktop/HACKTIV8/PHASE3/Final Project/dakonan rev3/dakonan-server/controllers/UserController.js","statementMap":{"0":{"start":{"line":1,"column":17},"end":{"line":1,"column":37}},"1":{"start":{"line":2,"column":41},"end":{"line":2,"column":62}},"2":{"start":{"line":3,"column":20},"end":{"line":3,"column":53}},"3":{"start":{"line":7,"column":4},"end":{"line":20,"column":5}},"4":{"start":{"line":8,"column":44},"end":{"line":8,"column":52}},"5":{"start":{"line":9,"column":19},"end":{"line":15,"column":7}},"6":{"start":{"line":16,"column":22},"end":{"line":16,"column":45}},"7":{"start":{"line":17,"column":6},"end":{"line":17,"column":32}},"8":{"start":{"line":19,"column":6},"end":{"line":19,"column":15}},"9":{"start":{"line":24,"column":4},"end":{"line":48,"column":5}},"10":{"start":{"line":25,"column":37},"end":{"line":25,"column":45}},"11":{"start":{"line":26,"column":6},"end":{"line":31,"column":7}},"12":{"start":{"line":27,"column":8},"end":{"line":30,"column":9}},"13":{"start":{"line":32,"column":19},"end":{"line":32,"column":62}},"14":{"start":{"line":33,"column":6},"end":{"line":45,"column":7}},"15":{"start":{"line":34,"column":8},"end":{"line":34,"column":80}},"16":{"start":{"line":36,"column":32},"end":{"line":36,"column":70}},"17":{"start":{"line":37,"column":8},"end":{"line":44,"column":9}},"18":{"start":{"line":38,"column":41},"end":{"line":38,"column":45}},"19":{"start":{"line":39,"column":31},"end":{"line":39,"column":69}},"20":{"start":{"line":41,"column":10},"end":{"line":41,"column":48}},"21":{"start":{"line":43,"column":10},"end":{"line":43,"column":82}},"22":{"start":{"line":47,"column":6},"end":{"line":47,"column":15}},"23":{"start":{"line":52,"column":4},"end":{"line":76,"column":5}},"24":{"start":{"line":56,"column":27},"end":{"line":56,"column":38}},"25":{"start":{"line":57,"column":19},"end":{"line":57,"column":62}},"26":{"start":{"line":58,"column":17},"end":{"line":58,"column":35}},"27":{"start":{"line":59,"column":25},"end":{"line":59,"column":51}},"28":{"start":{"line":60,"column":23},"end":{"line":60,"column":47}},"29":{"start":{"line":62,"column":25},"end":{"line":65,"column":7}},"30":{"start":{"line":66,"column":21},"end":{"line":71,"column":8}},"31":{"start":{"line":72,"column":19},"end":{"line":72,"column":31}},"32":{"start":{"line":73,"column":6},"end":{"line":73,"column":32}},"33":{"start":{"line":75,"column":6},"end":{"line":75,"column":15}},"34":{"start":{"line":81,"column":4},"end":{"line":103,"column":5}},"35":{"start":{"line":85,"column":27},"end":{"line":85,"column":38}},"36":{"start":{"line":86,"column":19},"end":{"line":86,"column":62}},"37":{"start":{"line":87,"column":17},"end":{"line":87,"column":35}},"38":{"start":{"line":88,"column":25},"end":{"line":88,"column":51}},"39":{"start":{"line":90,"column":25},"end":{"line":92,"column":7}},"40":{"start":{"line":93,"column":21},"end":{"line":98,"column":8}},"41":{"start":{"line":99,"column":19},"end":{"line":99,"column":31}},"42":{"start":{"line":100,"column":6},"end":{"line":100,"column":32}},"43":{"start":{"line":102,"column":6},"end":{"line":102,"column":15}},"44":{"start":{"line":108,"column":4},"end":{"line":137,"column":5}},"45":{"start":{"line":109,"column":20},"end":{"line":112,"column":8}},"46":{"start":{"line":114,"column":19},"end":{"line":122,"column":8}},"47":{"start":{"line":115,"column":24},"end":{"line":115,"column":65}},"48":{"start":{"line":116,"column":21},"end":{"line":120,"column":9}},"49":{"start":{"line":121,"column":8},"end":{"line":121,"column":19}},"50":{"start":{"line":133,"column":6},"end":{"line":133,"column":24}},"51":{"start":{"line":134,"column":6},"end":{"line":134,"column":32}},"52":{"start":{"line":136,"column":6},"end":{"line":136,"column":15}},"53":{"start":{"line":141,"column":0},"end":{"line":141,"column":31}}},"fnMap":{"0":{"name":"(anonymous_0)","decl":{"start":{"line":6,"column":2},"end":{"line":6,"column":3}},"loc":{"start":{"line":6,"column":40},"end":{"line":21,"column":3}},"line":6},"1":{"name":"(anonymous_1)","decl":{"start":{"line":23,"column":2},"end":{"line":23,"column":3}},"loc":{"start":{"line":23,"column":38},"end":{"line":49,"column":3}},"line":23},"2":{"name":"(anonymous_2)","decl":{"start":{"line":51,"column":2},"end":{"line":51,"column":3}},"loc":{"start":{"line":51,"column":36},"end":{"line":78,"column":3}},"line":51},"3":{"name":"(anonymous_3)","decl":{"start":{"line":80,"column":2},"end":{"line":80,"column":3}},"loc":{"start":{"line":80,"column":37},"end":{"line":104,"column":3}},"line":80},"4":{"name":"(anonymous_4)","decl":{"start":{"line":106,"column":2},"end":{"line":106,"column":3}},"loc":{"start":{"line":106,"column":46},"end":{"line":138,"column":3}},"line":106},"5":{"name":"(anonymous_5)","decl":{"start":{"line":114,"column":29},"end":{"line":114,"column":30}},"loc":{"start":{"line":114,"column":37},"end":{"line":122,"column":7}},"line":114}},"branchMap":{"0":{"loc":{"start":{"line":26,"column":6},"end":{"line":31,"column":7}},"type":"if","locations":[{"start":{"line":26,"column":6},"end":{"line":31,"column":7}},{"start":{"line":26,"column":6},"end":{"line":31,"column":7}}],"line":26},"1":{"loc":{"start":{"line":26,"column":10},"end":{"line":26,"column":82}},"type":"binary-expr","locations":[{"start":{"line":26,"column":10},"end":{"line":26,"column":19}},{"start":{"line":26,"column":23},"end":{"line":26,"column":44}},{"start":{"line":26,"column":48},"end":{"line":26,"column":57}},{"start":{"line":26,"column":61},"end":{"line":26,"column":82}}],"line":26},"2":{"loc":{"start":{"line":33,"column":6},"end":{"line":45,"column":7}},"type":"if","locations":[{"start":{"line":33,"column":6},"end":{"line":45,"column":7}},{"start":{"line":33,"column":6},"end":{"line":45,"column":7}}],"line":33},"3":{"loc":{"start":{"line":37,"column":8},"end":{"line":44,"column":9}},"type":"if","locations":[{"start":{"line":37,"column":8},"end":{"line":44,"column":9}},{"start":{"line":37,"column":8},"end":{"line":44,"column":9}}],"line":37},"4":{"loc":{"start":{"line":119,"column":19},"end":{"line":119,"column":31}},"type":"binary-expr","locations":[{"start":{"line":119,"column":19},"end":{"line":119,"column":26}},{"start":{"line":119,"column":30},"end":{"line":119,"column":31}}],"line":119}},"s":{"0":1,"1":1,"2":1,"3":8,"4":8,"5":8,"6":8,"7":1,"8":7,"9":6,"10":6,"11":6,"12":2,"13":4,"14":4,"15":1,"16":3,"17":3,"18":2,"19":2,"20":2,"21":1,"22":4,"23":1,"24":1,"25":1,"26":1,"27":1,"28":1,"29":1,"30":1,"31":1,"32":1,"33":0,"34":1,"35":1,"36":1,"37":1,"38":1,"39":1,"40":1,"41":1,"42":1,"43":0,"44":1,"45":1,"46":1,"47":2,"48":2,"49":2,"50":1,"51":1,"52":0,"53":1},"f":{"0":8,"1":6,"2":1,"3":1,"4":1,"5":2},"b":{"0":[2,4],"1":[6,5,5,4],"2":[1,3],"3":[2,1],"4":[2,1]},"_coverageSchema":"1a1c01bbd47fc00a2c39e90264f33305004495a9","hash":"f363fecf62d918b429507fd92f8dd8285917ef67"}
,"/home/andhika/Desktop/HACKTIV8/PHASE3/Final Project/dakonan rev3/dakonan-server/helpers/checkPassword.js": {"path":"/home/andhika/Desktop/HACKTIV8/PHASE3/Final Project/dakonan rev3/dakonan-server/helpers/checkPassword.js","statementMap":{"0":{"start":{"line":1,"column":15},"end":{"line":1,"column":34}},"1":{"start":{"line":3,"column":0},"end":{"line":5,"column":1}},"2":{"start":{"line":4,"column":2},"end":{"line":4,"column":49}}},"fnMap":{"0":{"name":"checkPassword","decl":{"start":{"line":3,"column":26},"end":{"line":3,"column":39}},"loc":{"start":{"line":3,"column":63},"end":{"line":5,"column":1}},"line":3}},"branchMap":{},"s":{"0":1,"1":1,"2":3},"f":{"0":3},"b":{},"_coverageSchema":"1a1c01bbd47fc00a2c39e90264f33305004495a9","hash":"e43256f41e73a5abb15d18f93090ba83810f4fe3"}
,"/home/andhika/Desktop/HACKTIV8/PHASE3/Final Project/dakonan rev3/dakonan-server/helpers/decodeToken.js": {"path":"/home/andhika/Desktop/HACKTIV8/PHASE3/Final Project/dakonan rev3/dakonan-server/helpers/decodeToken.js","statementMap":{"0":{"start":{"line":1,"column":12},"end":{"line":1,"column":35}},"1":{"start":{"line":3,"column":0},"end":{"line":5,"column":1}},"2":{"start":{"line":4,"column":2},"end":{"line":4,"column":73}}},"fnMap":{"0":{"name":"decodeToken","decl":{"start":{"line":3,"column":26},"end":{"line":3,"column":37}},"loc":{"start":{"line":3,"column":66},"end":{"line":5,"column":1}},"line":3}},"branchMap":{"0":{"loc":{"start":{"line":4,"column":27},"end":{"line":4,"column":72}},"type":"binary-expr","locations":[{"start":{"line":4,"column":27},"end":{"line":4,"column":50}},{"start":{"line":4,"column":54},"end":{"line":4,"column":72}}],"line":4}},"s":{"0":1,"1":1,"2":1},"f":{"0":1},"b":{"0":[1,1]},"_coverageSchema":"1a1c01bbd47fc00a2c39e90264f33305004495a9","hash":"01e17a330d03ab708ca5455e902efa08937e3c28"}
,"/home/andhika/Desktop/HACKTIV8/PHASE3/Final Project/dakonan rev3/dakonan-server/helpers/generateToken.js": {"path":"/home/andhika/Desktop/HACKTIV8/PHASE3/Final Project/dakonan rev3/dakonan-server/helpers/generateToken.js","statementMap":{"0":{"start":{"line":1,"column":12},"end":{"line":1,"column":35}},"1":{"start":{"line":3,"column":0},"end":{"line":6,"column":1}},"2":{"start":{"line":5,"column":2},"end":{"line":5,"column":34}}},"fnMap":{"0":{"name":"generateToken","decl":{"start":{"line":3,"column":26},"end":{"line":3,"column":39}},"loc":{"start":{"line":3,"column":50},"end":{"line":6,"column":1}},"line":3}},"branchMap":{},"s":{"0":1,"1":1,"2":2},"f":{"0":2},"b":{},"_coverageSchema":"1a1c01bbd47fc00a2c39e90264f33305004495a9","hash":"130934d0cd43216745d56b6641ec9dc028a03589"}
,"/home/andhika/Desktop/HACKTIV8/PHASE3/Final Project/dakonan rev3/dakonan-server/helpers/hash.js": {"path":"/home/andhika/Desktop/HACKTIV8/PHASE3/Final Project/dakonan rev3/dakonan-server/helpers/hash.js","statementMap":{"0":{"start":{"line":1,"column":15},"end":{"line":1,"column":34}},"1":{"start":{"line":3,"column":0},"end":{"line":7,"column":1}},"2":{"start":{"line":4,"column":15},"end":{"line":4,"column":37}},"3":{"start":{"line":5,"column":15},"end":{"line":5,"column":44}},"4":{"start":{"line":6,"column":2},"end":{"line":6,"column":13}}},"fnMap":{"0":{"name":"hash","decl":{"start":{"line":3,"column":26},"end":{"line":3,"column":30}},"loc":{"start":{"line":3,"column":40},"end":{"line":7,"column":1}},"line":3}},"branchMap":{},"s":{"0":1,"1":1,"2":3,"3":3,"4":3},"f":{"0":3},"b":{},"_coverageSchema":"1a1c01bbd47fc00a2c39e90264f33305004495a9","hash":"d9140e067a88ca9607e0fba259cecbed483673b5"}
,"/home/andhika/Desktop/HACKTIV8/PHASE3/Final Project/dakonan rev3/dakonan-server/helpers/index.js": {"path":"/home/andhika/Desktop/HACKTIV8/PHASE3/Final Project/dakonan rev3/dakonan-server/helpers/index.js","statementMap":{"0":{"start":{"line":1,"column":13},"end":{"line":1,"column":30}},"1":{"start":{"line":2,"column":22},"end":{"line":2,"column":48}},"2":{"start":{"line":3,"column":22},"end":{"line":3,"column":48}},"3":{"start":{"line":4,"column":20},"end":{"line":4,"column":44}},"4":{"start":{"line":6,"column":0},"end":{"line":11,"column":1}}},"fnMap":{},"branchMap":{},"s":{"0":1,"1":1,"2":1,"3":1,"4":1},"f":{},"b":{},"_coverageSchema":"1a1c01bbd47fc00a2c39e90264f33305004495a9","hash":"c011f05e0fcffa9e295202c3bfcc537062a84e22"}
,"/home/andhika/Desktop/HACKTIV8/PHASE3/Final Project/dakonan rev3/dakonan-server/middlewares/errorHandler.js": {"path":"/home/andhika/Desktop/HACKTIV8/PHASE3/Final Project/dakonan rev3/dakonan-server/middlewares/errorHandler.js","statementMap":{"0":{"start":{"line":1,"column":0},"end":{"line":11,"column":1}},"1":{"start":{"line":2,"column":4},"end":{"line":6,"column":5}},"2":{"start":{"line":3,"column":8},"end":{"line":5,"column":10}},"3":{"start":{"line":7,"column":4},"end":{"line":10,"column":5}},"4":{"start":{"line":8,"column":23},"end":{"line":8,"column":57}},"5":{"start":{"line":8,"column":45},"end":{"line":8,"column":56}},"6":{"start":{"line":9,"column":8},"end":{"line":9,"column":52}}},"fnMap":{"0":{"name":"(anonymous_0)","decl":{"start":{"line":1,"column":17},"end":{"line":1,"column":18}},"loc":{"start":{"line":1,"column":46},"end":{"line":11,"column":1}},"line":1},"1":{"name":"(anonymous_1)","decl":{"start":{"line":8,"column":38},"end":{"line":8,"column":39}},"loc":{"start":{"line":8,"column":45},"end":{"line":8,"column":56}},"line":8}},"branchMap":{"0":{"loc":{"start":{"line":2,"column":4},"end":{"line":6,"column":5}},"type":"if","locations":[{"start":{"line":2,"column":4},"end":{"line":6,"column":5}},{"start":{"line":2,"column":4},"end":{"line":6,"column":5}}],"line":2},"1":{"loc":{"start":{"line":7,"column":4},"end":{"line":10,"column":5}},"type":"if","locations":[{"start":{"line":7,"column":4},"end":{"line":10,"column":5}},{"start":{"line":7,"column":4},"end":{"line":10,"column":5}}],"line":7},"2":{"loc":{"start":{"line":7,"column":8},"end":{"line":7,"column":96}},"type":"binary-expr","locations":[{"start":{"line":7,"column":8},"end":{"line":7,"column":47}},{"start":{"line":7,"column":51},"end":{"line":7,"column":96}}],"line":7}},"s":{"0":1,"1":11,"2":4,"3":11,"4":7,"5":7,"6":7},"f":{"0":11,"1":7},"b":{"0":[4,7],"1":[7,4],"2":[11,6]},"_coverageSchema":"1a1c01bbd47fc00a2c39e90264f33305004495a9","hash":"62823fa0ac56a5bb65d79b1aac7e6577f4a4ec8e"}
,"/home/andhika/Desktop/HACKTIV8/PHASE3/Final Project/dakonan rev3/dakonan-server/middlewares/index.js": {"path":"/home/andhika/Desktop/HACKTIV8/PHASE3/Final Project/dakonan rev3/dakonan-server/middlewares/index.js","statementMap":{"0":{"start":{"line":1,"column":21},"end":{"line":1,"column":46}},"1":{"start":{"line":3,"column":0},"end":{"line":5,"column":1}}},"fnMap":{},"branchMap":{},"s":{"0":1,"1":1},"f":{},"b":{},"_coverageSchema":"1a1c01bbd47fc00a2c39e90264f33305004495a9","hash":"3540352122b2a61af869f5f11b70b0ba1e8495ce"}
,"/home/andhika/Desktop/HACKTIV8/PHASE3/Final Project/dakonan rev3/dakonan-server/models/index.js": {"path":"/home/andhika/Desktop/HACKTIV8/PHASE3/Final Project/dakonan rev3/dakonan-server/models/index.js","statementMap":{"0":{"start":{"line":3,"column":11},"end":{"line":3,"column":24}},"1":{"start":{"line":4,"column":13},"end":{"line":4,"column":28}},"2":{"start":{"line":5,"column":18},"end":{"line":5,"column":38}},"3":{"start":{"line":6,"column":17},"end":{"line":6,"column":42}},"4":{"start":{"line":9,"column":15},"end":{"line":9,"column":65}},"5":{"start":{"line":10,"column":11},"end":{"line":10,"column":13}},"6":{"start":{"line":20,"column":0},"end":{"line":28,"column":5}},"7":{"start":{"line":23,"column":4},"end":{"line":23,"column":90}},"8":{"start":{"line":26,"column":18},"end":{"line":26,"column":85}},"9":{"start":{"line":27,"column":4},"end":{"line":27,"column":27}},"10":{"start":{"line":36,"column":0},"end":{"line":36,"column":25}},"11":{"start":{"line":37,"column":0},"end":{"line":37,"column":25}},"12":{"start":{"line":39,"column":0},"end":{"line":39,"column":20}}},"fnMap":{"0":{"name":"(anonymous_0)","decl":{"start":{"line":22,"column":10},"end":{"line":22,"column":11}},"loc":{"start":{"line":22,"column":18},"end":{"line":24,"column":3}},"line":22},"1":{"name":"(anonymous_1)","decl":{"start":{"line":25,"column":11},"end":{"line":25,"column":12}},"loc":{"start":{"line":25,"column":19},"end":{"line":28,"column":3}},"line":25}},"branchMap":{"0":{"loc":{"start":{"line":23,"column":11},"end":{"line":23,"column":89}},"type":"binary-expr","locations":[{"start":{"line":23,"column":12},"end":{"line":23,"column":35}},{"start":{"line":23,"column":41},"end":{"line":23,"column":58}},{"start":{"line":23,"column":64},"end":{"line":23,"column":88}}],"line":23}},"s":{"0":1,"1":1,"2":1,"3":1,"4":1,"5":1,"6":1,"7":2,"8":1,"9":1,"10":1,"11":1,"12":1},"f":{"0":2,"1":1},"b":{"0":[2,2,1]},"_coverageSchema":"1a1c01bbd47fc00a2c39e90264f33305004495a9","hash":"685174f85cd7d546d55631a4c837b2c7d35dd5ed"}
,"/home/andhika/Desktop/HACKTIV8/PHASE3/Final Project/dakonan rev3/dakonan-server/models/user.js": {"path":"/home/andhika/Desktop/HACKTIV8/PHASE3/Final Project/dakonan rev3/dakonan-server/models/user.js","statementMap":{"0":{"start":{"line":2,"column":18},"end":{"line":2,"column":38}},"1":{"start":{"line":3,"column":17},"end":{"line":3,"column":38}},"2":{"start":{"line":5,"column":0},"end":{"line":71,"column":2}},"3":{"start":{"line":16,"column":2},"end":{"line":69,"column":5}},"4":{"start":{"line":62,"column":8},"end":{"line":62,"column":31}},"5":{"start":{"line":63,"column":8},"end":{"line":63,"column":29}},"6":{"start":{"line":64,"column":8},"end":{"line":64,"column":51}},"7":{"start":{"line":70,"column":2},"end":{"line":70,"column":14}}},"fnMap":{"0":{"name":"(anonymous_0)","decl":{"start":{"line":5,"column":17},"end":{"line":5,"column":18}},"loc":{"start":{"line":5,"column":43},"end":{"line":71,"column":1}},"line":5},"1":{"name":"(anonymous_1)","decl":{"start":{"line":12,"column":4},"end":{"line":12,"column":5}},"loc":{"start":{"line":12,"column":29},"end":{"line":14,"column":5}},"line":12},"2":{"name":"(anonymous_2)","decl":{"start":{"line":61,"column":20},"end":{"line":61,"column":21}},"loc":{"start":{"line":61,"column":32},"end":{"line":65,"column":7}},"line":61}},"branchMap":{},"s":{"0":1,"1":1,"2":1,"3":1,"4":3,"5":3,"6":3,"7":1},"f":{"0":1,"1":1,"2":3},"b":{},"_coverageSchema":"1a1c01bbd47fc00a2c39e90264f33305004495a9","hash":"72c81d08a441f26fd0e70b7235b9535fc435fcc3"}
,"/home/andhika/Desktop/HACKTIV8/PHASE3/Final Project/dakonan rev3/dakonan-server/routers/index.js": {"path":"/home/andhika/Desktop/HACKTIV8/PHASE3/Final Project/dakonan rev3/dakonan-server/routers/index.js","statementMap":{"0":{"start":{"line":1,"column":15},"end":{"line":1,"column":42}},"1":{"start":{"line":2,"column":23},"end":{"line":2,"column":63}},"2":{"start":{"line":4,"column":0},"end":{"line":4,"column":49}},"3":{"start":{"line":5,"column":0},"end":{"line":5,"column":43}},"4":{"start":{"line":6,"column":0},"end":{"line":6,"column":39}},"5":{"start":{"line":7,"column":0},"end":{"line":7,"column":41}},"6":{"start":{"line":8,"column":0},"end":{"line":8,"column":57}},"7":{"start":{"line":10,"column":0},"end":{"line":10,"column":23}}},"fnMap":{},"branchMap":{},"s":{"0":1,"1":1,"2":1,"3":1,"4":1,"5":1,"6":1,"7":1},"f":{},"b":{},"_coverageSchema":"1a1c01bbd47fc00a2c39e90264f33305004495a9","hash":"8c995cc124a51882b3d5d84231b18bb97d7439ab"}
}
