TN:
SF:app.js
FNF:0
FNH:0
DA:5,1
DA:6,1
DA:7,1
DA:8,1
DA:10,1
DA:12,1
DA:13,1
DA:14,1
DA:15,1
DA:16,1
DA:18,1
LF:11
LH:11
BRF:0
BRH:0
end_of_record
TN:
SF:controllers/UserController.js
FN:6,(anonymous_0)
FN:23,(anonymous_1)
FN:51,(anonymous_2)
FN:80,(anonymous_3)
FN:106,(anonymous_4)
FN:114,(anonymous_5)
FNF:6
FNH:6
FNDA:8,(anonymous_0)
FNDA:6,(anonymous_1)
FNDA:1,(anonymous_2)
FNDA:1,(anonymous_3)
FNDA:1,(anonymous_4)
FNDA:2,(anonymous_5)
DA:1,1
DA:2,1
DA:3,1
DA:7,8
DA:8,8
DA:9,8
DA:16,8
DA:17,1
DA:19,7
DA:24,6
DA:25,6
DA:26,6
DA:27,2
DA:32,4
DA:33,4
DA:34,1
DA:36,3
DA:37,3
DA:38,2
DA:39,2
DA:41,2
DA:43,1
DA:47,4
DA:52,1
DA:56,1
DA:57,1
DA:58,1
DA:59,1
DA:60,1
DA:62,1
DA:66,1
DA:72,1
DA:73,1
DA:75,0
DA:81,1
DA:85,1
DA:86,1
DA:87,1
DA:88,1
DA:90,1
DA:93,1
DA:99,1
DA:100,1
DA:102,0
DA:108,1
DA:109,1
DA:114,1
DA:115,2
DA:116,2
DA:121,2
DA:133,1
DA:134,1
DA:136,0
DA:141,1
LF:54
LH:51
BRDA:26,0,0,2
BRDA:26,0,1,4
BRDA:26,1,0,6
BRDA:26,1,1,5
BRDA:26,1,2,5
BRDA:26,1,3,4
BRDA:33,2,0,1
BRDA:33,2,1,3
BRDA:37,3,0,2
BRDA:37,3,1,1
BRDA:119,4,0,2
BRDA:119,4,1,1
BRF:12
BRH:12
end_of_record
TN:
SF:helpers/checkPassword.js
FN:3,checkPassword
FNF:1
FNH:1
FNDA:3,checkPassword
DA:1,1
DA:3,1
DA:4,3
LF:3
LH:3
BRF:0
BRH:0
end_of_record
TN:
SF:helpers/decodeToken.js
FN:3,decodeToken
FNF:1
FNH:1
FNDA:1,decodeToken
DA:1,1
DA:3,1
DA:4,1
LF:3
LH:3
BRDA:4,0,0,1
BRDA:4,0,1,1
BRF:2
BRH:2
end_of_record
TN:
SF:helpers/generateToken.js
FN:3,generateToken
FNF:1
FNH:1
FNDA:2,generateToken
DA:1,1
DA:3,1
DA:5,2
LF:3
LH:3
BRF:0
BRH:0
end_of_record
TN:
SF:helpers/hash.js
FN:3,hash
FNF:1
FNH:1
FNDA:3,hash
DA:1,1
DA:3,1
DA:4,3
DA:5,3
DA:6,3
LF:5
LH:5
BRF:0
BRH:0
end_of_record
TN:
SF:helpers/index.js
FNF:0
FNH:0
DA:1,1
DA:2,1
DA:3,1
DA:4,1
DA:6,1
LF:5
LH:5
BRF:0
BRH:0
end_of_record
TN:
SF:middlewares/errorHandler.js
FN:1,(anonymous_0)
FN:8,(anonymous_1)
FNF:2
FNH:2
FNDA:11,(anonymous_0)
FNDA:7,(anonymous_1)
DA:1,1
DA:2,11
DA:3,4
DA:7,11
DA:8,7
DA:9,7
LF:6
LH:6
BRDA:2,0,0,4
BRDA:2,0,1,7
BRDA:7,1,0,7
BRDA:7,1,1,4
BRDA:7,2,0,11
BRDA:7,2,1,6
BRF:6
BRH:6
end_of_record
TN:
SF:middlewares/index.js
FNF:0
FNH:0
DA:1,1
DA:3,1
LF:2
LH:2
BRF:0
BRH:0
end_of_record
TN:
SF:models/index.js
FN:22,(anonymous_0)
FN:25,(anonymous_1)
FNF:2
FNH:2
FNDA:2,(anonymous_0)
FNDA:1,(anonymous_1)
DA:3,1
DA:4,1
DA:5,1
DA:6,1
DA:9,1
DA:10,1
DA:20,1
DA:23,2
DA:26,1
DA:27,1
DA:36,1
DA:37,1
DA:39,1
LF:13
LH:13
BRDA:23,0,0,2
BRDA:23,0,1,2
BRDA:23,0,2,1
BRF:3
BRH:3
end_of_record
TN:
SF:models/user.js
FN:5,(anonymous_0)
FN:12,(anonymous_1)
FN:61,(anonymous_2)
FNF:3
FNH:3
FNDA:1,(anonymous_0)
FNDA:1,(anonymous_1)
FNDA:3,(anonymous_2)
DA:2,1
DA:3,1
DA:5,1
DA:16,1
DA:62,3
DA:63,3
DA:64,3
DA:70,1
LF:8
LH:8
BRF:0
BRH:0
end_of_record
TN:
SF:routers/index.js
FNF:0
FNH:0
DA:1,1
DA:2,1
DA:4,1
DA:5,1
DA:6,1
DA:7,1
DA:8,1
DA:10,1
LF:8
LH:8
BRF:0
BRH:0
end_of_record
